{"C:\\fullstackMaster\\convertMyMoney\\lib\\api_banco_central_brasil.js": {"path":"C:\\fullstackMaster\\convertMyMoney\\lib\\api_banco_central_brasil.js","statementMap":{"0":{"start":{"line":1,"column":14},"end":{"line":1,"column":30}},"1":{"start":{"line":3,"column":15},"end":{"line":3,"column":228}},"2":{"start":{"line":3,"column":23},"end":{"line":3,"column":228}},"3":{"start":{"line":5,"column":16},"end":{"line":7,"column":1}},"4":{"start":{"line":6,"column":4},"end":{"line":6,"column":43}},"5":{"start":{"line":9,"column":17},"end":{"line":12,"column":1}},"6":{"start":{"line":10,"column":18},"end":{"line":10,"column":28}},"7":{"start":{"line":11,"column":4},"end":{"line":11,"column":96}},"8":{"start":{"line":14,"column":22},"end":{"line":14,"column":43}},"9":{"start":{"line":14,"column":29},"end":{"line":14,"column":43}},"10":{"start":{"line":16,"column":23},"end":{"line":16,"column":63}},"11":{"start":{"line":16,"column":31},"end":{"line":16,"column":63}},"12":{"start":{"line":18,"column":19},"end":{"line":30,"column":1}},"13":{"start":{"line":18,"column":35},"end":{"line":30,"column":1}},"14":{"start":{"line":19,"column":4},"end":{"line":29,"column":5}},"15":{"start":{"line":20,"column":68},"end":{"line":20,"column":80}},"16":{"start":{"line":21,"column":22},"end":{"line":21,"column":32}},"17":{"start":{"line":22,"column":20},"end":{"line":22,"column":33}},"18":{"start":{"line":23,"column":21},"end":{"line":23,"column":45}},"19":{"start":{"line":24,"column":24},"end":{"line":24,"column":44}},"20":{"start":{"line":25,"column":8},"end":{"line":25,"column":22}},"21":{"start":{"line":28,"column":8},"end":{"line":28,"column":17}},"22":{"start":{"line":32,"column":0},"end":{"line":42,"column":1}}},"fnMap":{"0":{"name":"(anonymous_0)","decl":{"start":{"line":3,"column":15},"end":{"line":3,"column":16}},"loc":{"start":{"line":3,"column":23},"end":{"line":3,"column":228}},"line":3},"1":{"name":"(anonymous_1)","decl":{"start":{"line":5,"column":16},"end":{"line":5,"column":17}},"loc":{"start":{"line":5,"column":27},"end":{"line":7,"column":1}},"line":5},"2":{"name":"(anonymous_2)","decl":{"start":{"line":9,"column":17},"end":{"line":9,"column":18}},"loc":{"start":{"line":9,"column":23},"end":{"line":12,"column":1}},"line":9},"3":{"name":"(anonymous_3)","decl":{"start":{"line":14,"column":22},"end":{"line":14,"column":23}},"loc":{"start":{"line":14,"column":29},"end":{"line":14,"column":43}},"line":14},"4":{"name":"(anonymous_4)","decl":{"start":{"line":16,"column":23},"end":{"line":16,"column":24}},"loc":{"start":{"line":16,"column":31},"end":{"line":16,"column":63}},"line":16},"5":{"name":"(anonymous_5)","decl":{"start":{"line":18,"column":19},"end":{"line":18,"column":20}},"loc":{"start":{"line":18,"column":35},"end":{"line":30,"column":1}},"line":18},"6":{"name":"(anonymous_6)","decl":{"start":{"line":18,"column":35},"end":{"line":18,"column":36}},"loc":{"start":{"line":18,"column":47},"end":{"line":30,"column":1}},"line":18}},"branchMap":{"0":{"loc":{"start":{"line":6,"column":11},"end":{"line":6,"column":43}},"type":"cond-expr","locations":[{"start":{"line":6,"column":24},"end":{"line":6,"column":35}},{"start":{"line":6,"column":38},"end":{"line":6,"column":43}}],"line":6}},"s":{"0":1,"1":1,"2":1,"3":1,"4":3,"5":1,"6":1,"7":1,"8":1,"9":1,"10":1,"11":1,"12":1,"13":3,"14":2,"15":2,"16":2,"17":2,"18":2,"19":1,"20":1,"21":1,"22":1},"f":{"0":1,"1":3,"2":1,"3":1,"4":1,"5":3,"6":2},"b":{"0":[3,0]},"_coverageSchema":"43e27e138ebf9cfc5966b082cf9a028302ed4184","hash":"a83e1b026ca90e25b84ae6c2fe17691bac87a1d6"}
,"C:\\fullstackMaster\\convertMyMoney\\lib\\convert.js": {"path":"C:\\fullstackMaster\\convertMyMoney\\lib\\convert.js","statementMap":{"0":{"start":{"line":1,"column":16},"end":{"line":3,"column":1}},"1":{"start":{"line":2,"column":2},"end":{"line":2,"column":29}},"2":{"start":{"line":5,"column":16},"end":{"line":7,"column":1}},"3":{"start":{"line":6,"column":3},"end":{"line":6,"column":38}},"4":{"start":{"line":9,"column":0},"end":{"line":9,"column":37}}},"fnMap":{"0":{"name":"(anonymous_0)","decl":{"start":{"line":1,"column":16},"end":{"line":1,"column":17}},"loc":{"start":{"line":1,"column":41},"end":{"line":3,"column":1}},"line":1},"1":{"name":"(anonymous_1)","decl":{"start":{"line":5,"column":16},"end":{"line":5,"column":17}},"loc":{"start":{"line":5,"column":25},"end":{"line":7,"column":1}},"line":5}},"branchMap":{},"s":{"0":1,"1":3,"2":1,"3":2,"4":1},"f":{"0":3,"1":2},"b":{},"_coverageSchema":"43e27e138ebf9cfc5966b082cf9a028302ed4184","hash":"12a3a4a1f4d0202e93efc3307f436e502651698f"}
}
